#
# There is insufficient memory for the Java Runtime Environment to continue.
# Native memory allocation (malloc) failed to allocate 65552 bytes. Error detail: Chunk::new
# Possible reasons:
#   The system is out of physical RAM or swap space
#   This process is running with CompressedOops enabled, and the Java Heap may be blocking the growth of the native heap
# Possible solutions:
#   Reduce memory load on the system
#   Increase physical memory or swap space
#   Check if swap backing store is full
#   Decrease Java heap size (-Xmx/-Xms)
#   Decrease number of Java threads
#   Decrease Java thread stack sizes (-Xss)
#   Set larger code cache with -XX:ReservedCodeCacheSize=
#   JVM is running with Unscaled Compressed Oops mode in which the Java heap is
#     placed in the first 4GB address space. The Java Heap base address is the
#     maximum limit for the native heap growth. Please use -XX:HeapBaseMinAddress
#     to set the Java Heap base and to place the Java Heap above 4GB virtual address.
# This output file may be truncated or incomplete.
#
#  Out of Memory Error (arena.cpp:168), pid=1732, tid=15740
#
# JRE version: OpenJDK Runtime Environment (21.0.4) (build 21.0.4+-12508038-b607.1)
# Java VM: OpenJDK 64-Bit Server VM (21.0.4+-12508038-b607.1, mixed mode, tiered, compressed oops, compressed class ptrs, g1 gc, windows-amd64)
# No core dump will be written. Minidumps are not enabled by default on client versions of Windows
#

---------------  S U M M A R Y ------------

Command Line: --add-opens=java.base/java.util=ALL-UNNAMED --add-opens=java.base/java.lang=ALL-UNNAMED --add-opens=java.base/java.lang.invoke=ALL-UNNAMED --add-opens=java.prefs/java.util.prefs=ALL-UNNAMED --add-exports=jdk.compiler/com.sun.tools.javac.api=ALL-UNNAMED --add-exports=jdk.compiler/com.sun.tools.javac.util=ALL-UNNAMED --add-opens=java.base/java.nio.charset=ALL-UNNAMED --add-opens=java.base/java.net=ALL-UNNAMED --add-opens=java.base/java.util.concurrent.atomic=ALL-UNNAMED -Xmx2048m -Dfile.encoding=UTF-8 -Duser.country=US -Duser.language=en -Duser.variant -javaagent:C:\Users\Alisher-Andro\.gradle\wrapper\dists\gradle-8.10.2-bin\a04bxjujx95o3nb99gddekhwo\gradle-8.10.2\lib\agents\gradle-instrumentation-agent-8.10.2.jar org.gradle.launcher.daemon.bootstrap.GradleDaemon 8.10.2

Host: Intel(R) Core(TM) i3-1005G1 CPU @ 1.20GHz, 4 cores, 19G,  Windows 11 , 64 bit Build 22621 (10.0.22621.4974)
Time: Sat Mar 15 19:49:18 2025 West Asia Standard Time elapsed time: 15.678610 seconds (0d 0h 0m 15s)

---------------  T H R E A D  ---------------

Current thread (0x0000023349ae8b30):  JavaThread "C2 CompilerThread0" daemon [_thread_in_native, id=15740, stack(0x0000009f91200000,0x0000009f91300000) (1024K)]


Current CompileTask:
C2:  15678 7554   !   4       java.nio.file.FileTreeWalker::next (144 bytes)

Stack: [0x0000009f91200000,0x0000009f91300000]
Native frames: (J=compiled Java code, j=interpreted, Vv=VM code, C=native code)
V  [jvm.dll+0x6ce539]
V  [jvm.dll+0x85bf03]
V  [jvm.dll+0x85e45e]
V  [jvm.dll+0x85eb43]
V  [jvm.dll+0x27dd06]
V  [jvm.dll+0xbf9cd]
V  [jvm.dll+0xbff03]
V  [jvm.dll+0xbfaf5]
V  [jvm.dll+0x724b5c]
V  [jvm.dll+0x603437]
V  [jvm.dll+0x5e8bdc]
V  [jvm.dll+0x5e5eed]
V  [jvm.dll+0x5e7ea3]
V  [jvm.dll+0x5e7a59]
V  [jvm.dll+0x5e724e]
V  [jvm.dll+0x5e7215]
V  [jvm.dll+0x5e7261]
V  [jvm.dll+0x5f94da]
V  [jvm.dll+0x2503d2]
V  [jvm.dll+0x248daa]
V  [jvm.dll+0x2468be]
V  [jvm.dll+0x1c58a4]
V  [jvm.dll+0x255fec]
V  [jvm.dll+0x254536]
V  [jvm.dll+0x3efab6]
V  [jvm.dll+0x804418]
V  [jvm.dll+0x6cce0d]
C  [ucrtbase.dll+0x29333]
C  [KERNEL32.DLL+0x1259d]
C  [ntdll.dll+0x5af38]


---------------  P R O C E S S  ---------------

Threads class SMR info:
_java_thread_list=0x0000023352452b60, length=38, elements={
0x00000233308f2e00, 0x0000023349acd510, 0x0000023349acdf70, 0x0000023349ad1e80,
0x0000023349ad28e0, 0x0000023349ad3340, 0x0000023349ad3da0, 0x0000023349ae8b30,
0x0000023349b4fd20, 0x0000023349969160, 0x000002334e169d60, 0x000002334f9fc830,
0x000002334f912ea0, 0x000002334f9b51a0, 0x000002334fc886d0, 0x000002334faefc00,
0x000002334fc3cd00, 0x000002334fc73360, 0x000002334fc6fee0, 0x000002334fc71fb0,
0x000002334fc70570, 0x000002334fc72cd0, 0x000002334fc70c00, 0x000002334fc71290,
0x000002334fc72640, 0x0000023352247ad0, 0x0000023352249510, 0x0000023352248e80,
0x0000023352243930, 0x0000023352248160, 0x0000023352242580, 0x0000023352244ce0,
0x0000023352247440, 0x0000023352246720, 0x0000023352246db0, 0x0000023352243fc0,
0x0000023352244650, 0x0000023352245370
}
_to_delete_list=0x00000233515f53c0, length=39, elements={
0x00000233308f2e00, 0x0000023349acd510, 0x0000023349acdf70, 0x0000023349ad1e80,
0x0000023349ad28e0, 0x0000023349ad3340, 0x0000023349ad3da0, 0x0000023349ae8b30,
0x0000023349b4fd20, 0x0000023349969160, 0x000002334e169d60, 0x000002334f9fc830,
0x000002334f912ea0, 0x000002334f9b51a0, 0x000002334fc886d0, 0x000002334faefc00,
0x000002334fc3cd00, 0x000002334fc73360, 0x000002334fc6fee0, 0x000002334fc71fb0,
0x000002334fc70570, 0x000002334fc72cd0, 0x000002334fc70c00, 0x000002334fc71290,
0x000002334fc72640, 0x0000023352247ad0, 0x0000023352249510, 0x0000023352248e80,
0x0000023352243930, 0x0000023352248160, 0x0000023352242580, 0x0000023352244ce0,
0x00000233511eb810, 0x0000023352247440, 0x0000023352246720, 0x0000023352246db0,
0x0000023352243fc0, 0x0000023352244650, 0x0000023352245370
}

Java Threads: ( => current thread )
  0x00000233308f2e00 JavaThread "main"                              [_thread_blocked, id=18768, stack(0x0000009f90300000,0x0000009f90400000) (1024K)]
  0x0000023349acd510 JavaThread "Reference Handler"          daemon [_thread_blocked, id=16880, stack(0x0000009f90c00000,0x0000009f90d00000) (1024K)]
  0x0000023349acdf70 JavaThread "Finalizer"                  daemon [_thread_blocked, id=8832, stack(0x0000009f90d00000,0x0000009f90e00000) (1024K)]
  0x0000023349ad1e80 JavaThread "Signal Dispatcher"          daemon [_thread_blocked, id=18572, stack(0x0000009f90e00000,0x0000009f90f00000) (1024K)]
  0x0000023349ad28e0 JavaThread "Attach Listener"            daemon [_thread_blocked, id=16512, stack(0x0000009f90f00000,0x0000009f91000000) (1024K)]
  0x0000023349ad3340 JavaThread "Service Thread"             daemon [_thread_blocked, id=15144, stack(0x0000009f91000000,0x0000009f91100000) (1024K)]
  0x0000023349ad3da0 JavaThread "Monitor Deflation Thread"   daemon [_thread_blocked, id=18272, stack(0x0000009f91100000,0x0000009f91200000) (1024K)]
=>0x0000023349ae8b30 JavaThread "C2 CompilerThread0"         daemon [_thread_in_native, id=15740, stack(0x0000009f91200000,0x0000009f91300000) (1024K)]
  0x0000023349b4fd20 JavaThread "C1 CompilerThread0"         daemon [_thread_in_vm, id=15480, stack(0x0000009f91300000,0x0000009f91400000) (1024K)]
  0x0000023349969160 JavaThread "Common-Cleaner"             daemon [_thread_blocked, id=19304, stack(0x0000009f91400000,0x0000009f91500000) (1024K)]
  0x000002334e169d60 JavaThread "Notification Thread"        daemon [_thread_blocked, id=15916, stack(0x0000009f91500000,0x0000009f91600000) (1024K)]
  0x000002334f9fc830 JavaThread "Daemon health stats"               [_thread_blocked, id=2516, stack(0x0000009f91a00000,0x0000009f91b00000) (1024K)]
  0x000002334f912ea0 JavaThread "Incoming local TCP Connector on port 51521"        [_thread_in_native, id=18100, stack(0x0000009f91b00000,0x0000009f91c00000) (1024K)]
  0x000002334f9b51a0 JavaThread "Daemon periodic checks"            [_thread_blocked, id=10412, stack(0x0000009f91c00000,0x0000009f91d00000) (1024K)]
  0x000002334fc886d0 JavaThread "Daemon"                            [_thread_blocked, id=15112, stack(0x0000009f91d00000,0x0000009f91e00000) (1024K)]
  0x000002334faefc00 JavaThread "Handler for socket connection from /127.0.0.1:51521 to /127.0.0.1:51522"        [_thread_in_native, id=17644, stack(0x0000009f91e00000,0x0000009f91f00000) (1024K)]
  0x000002334fc3cd00 JavaThread "Cancel handler"                    [_thread_blocked, id=14496, stack(0x0000009f91f00000,0x0000009f92000000) (1024K)]
  0x000002334fc73360 JavaThread "Daemon worker"                     [_thread_in_vm, id=15328, stack(0x0000009f92000000,0x0000009f92100000) (1024K)]
  0x000002334fc6fee0 JavaThread "Asynchronous log dispatcher for DefaultDaemonConnection: socket connection from /127.0.0.1:51521 to /127.0.0.1:51522"        [_thread_blocked, id=19004, stack(0x0000009f92100000,0x0000009f92200000) (1024K)]
  0x000002334fc71fb0 JavaThread "Stdin handler"                     [_thread_blocked, id=14324, stack(0x0000009f92200000,0x0000009f92300000) (1024K)]
  0x000002334fc70570 JavaThread "Daemon client event forwarder"        [_thread_blocked, id=5480, stack(0x0000009f92300000,0x0000009f92400000) (1024K)]
  0x000002334fc72cd0 JavaThread "Cache worker for journal cache (C:\Users\Alisher-Andro\.gradle\caches\journal-1)"        [_thread_blocked, id=15396, stack(0x0000009f92400000,0x0000009f92500000) (1024K)]
  0x000002334fc70c00 JavaThread "File lock request listener"        [_thread_in_native, id=10420, stack(0x0000009f92500000,0x0000009f92600000) (1024K)]
  0x000002334fc71290 JavaThread "Cache worker for file hash cache (C:\Users\Alisher-Andro\.gradle\caches\8.10.2\fileHashes)"        [_thread_blocked, id=3804, stack(0x0000009f92600000,0x0000009f92700000) (1024K)]
  0x000002334fc72640 JavaThread "Cache worker for file hash cache (C:\Users\Alisher-Andro\AndroidStudioProjects\Calculator\.gradle\8.10.2\fileHashes)"        [_thread_blocked, id=12572, stack(0x0000009f92700000,0x0000009f92800000) (1024K)]
  0x0000023352247ad0 JavaThread "Cache worker for Build Output Cleanup Cache (C:\Users\Alisher-Andro\AndroidStudioProjects\Calculator\.gradle\buildOutputCleanup)"        [_thread_blocked, id=12872, stack(0x0000009f92800000,0x0000009f92900000) (1024K)]
  0x0000023352249510 JavaThread "File watcher server"        daemon [_thread_in_vm, id=11248, stack(0x0000009f92900000,0x0000009f92a00000) (1024K)]
  0x0000023352248e80 JavaThread "File watcher consumer"      daemon [_thread_blocked, id=5716, stack(0x0000009f92a00000,0x0000009f92b00000) (1024K)]
  0x0000023352243930 JavaThread "Cache worker for checksums cache (C:\Users\Alisher-Andro\AndroidStudioProjects\Calculator\.gradle\8.10.2\checksums)"        [_thread_blocked, id=19168, stack(0x0000009f92b00000,0x0000009f92c00000) (1024K)]
  0x0000023352248160 JavaThread "Cache worker for file content cache (C:\Users\Alisher-Andro\.gradle\caches\8.10.2\fileContent)"        [_thread_blocked, id=10744, stack(0x0000009f92c00000,0x0000009f92d00000) (1024K)]
  0x0000023352242580 JavaThread "Cache worker for cache directory md-rule (C:\Users\Alisher-Andro\.gradle\caches\8.10.2\md-rule)"        [_thread_blocked, id=7172, stack(0x0000009f92d00000,0x0000009f92e00000) (1024K)]
  0x0000023352244ce0 JavaThread "Cache worker for cache directory md-supplier (C:\Users\Alisher-Andro\.gradle\caches\8.10.2\md-supplier)"        [_thread_blocked, id=4388, stack(0x0000009f92e00000,0x0000009f92f00000) (1024K)]
  0x0000023352247440 JavaThread "Unconstrained build operations"        [_thread_blocked, id=12404, stack(0x0000009f92f00000,0x0000009f93000000) (1024K)]
  0x0000023352246720 JavaThread "Unconstrained build operations Thread 2"        [_thread_blocked, id=17396, stack(0x0000009f93000000,0x0000009f93100000) (1024K)]
  0x0000023352246db0 JavaThread "Unconstrained build operations Thread 3"        [_thread_blocked, id=2420, stack(0x0000009f93100000,0x0000009f93200000) (1024K)]
  0x0000023352243fc0 JavaThread "Unconstrained build operations Thread 4"        [_thread_blocked, id=18928, stack(0x0000009f93200000,0x0000009f93300000) (1024K)]
  0x0000023352244650 JavaThread "Unconstrained build operations Thread 5"        [_thread_blocked, id=18996, stack(0x0000009f93300000,0x0000009f93400000) (1024K)]
  0x0000023352245370 JavaThread "Unconstrained build operations Thread 6"        [_thread_blocked, id=13956, stack(0x0000009f93400000,0x0000009f93500000) (1024K)]
Total: 38

Other Threads:
  0x00000233499c8530 VMThread "VM Thread"                           [id=15164, stack(0x0000009f90b00000,0x0000009f90c00000) (1024K)]
  0x0000023349a50f10 WatcherThread "VM Periodic Task Thread"        [id=6464, stack(0x0000009f90a00000,0x0000009f90b00000) (1024K)]
  0x0000023332bb4c20 WorkerThread "GC Thread#0"                     [id=3192, stack(0x0000009f90500000,0x0000009f90600000) (1024K)]
  0x000002334e16e410 WorkerThread "GC Thread#1"                     [id=17788, stack(0x0000009f91600000,0x0000009f91700000) (1024K)]
  0x000002334e16e7b0 WorkerThread "GC Thread#2"                     [id=17564, stack(0x0000009f91700000,0x0000009f91800000) (1024K)]
  0x000002334e16eb50 WorkerThread "GC Thread#3"                     [id=6184, stack(0x0000009f91800000,0x0000009f91900000) (1024K)]
  0x0000023332bc5c80 ConcurrentGCThread "G1 Main Marker"            [id=12308, stack(0x0000009f90600000,0x0000009f90700000) (1024K)]
  0x0000023332bc6690 WorkerThread "G1 Conc#0"                       [id=18676, stack(0x0000009f90700000,0x0000009f90800000) (1024K)]
  0x00000233498b4f00 ConcurrentGCThread "G1 Refine#0"               [id=8428, stack(0x0000009f90800000,0x0000009f90900000) (1024K)]
  0x00000233498b68a0 ConcurrentGCThread "G1 Service"                [id=12744, stack(0x0000009f90900000,0x0000009f90a00000) (1024K)]
Total: 10

Threads with active compile tasks:
C2 CompilerThread0    15709 7554   !   4       java.nio.file.FileTreeWalker::next (144 bytes)
C1 CompilerThread0    15709 7574       3       org.objectweb.asm.ClassWriter::toByteArray (1535 bytes)
Total: 2

VM state: not at safepoint (normal execution)

VM Mutex/Monitor currently owned by a thread:  ([mutex/lock_event])
[0x00007ff9a48050f8] Metaspace_lock - owner thread: 0x000002334fc73360

Heap address: 0x0000000080000000, size: 2048 MB, Compressed Oops mode: 32-bit

CDS archive(s) not mapped
Compressed class space mapped at: 0x0000000100000000-0x0000000140000000, reserved size: 1073741824
Narrow klass base: 0x0000000000000000, Narrow klass shift: 3, Narrow klass range: 0x140000000

GC Precious Log:
 CardTable entry size: 512
 Card Set container configuration: InlinePtr #cards 5 size 8 Array Of Cards #cards 12 size 40 Howl #buckets 4 coarsen threshold 1843 Howl Bitmap #cards 512 size 80 coarsen threshold 460 Card regions per heap region 1 cards per card region 2048
 CPUs: 4 total, 4 available
 Memory: 20275M
 Large Page Support: Disabled
 NUMA Support: Disabled
 Compressed Oops: Enabled (32-bit)
 Heap Region Size: 1M
 Heap Min Capacity: 8M
 Heap Initial Capacity: 318M
 Heap Max Capacity: 2G
 Pre-touch: Disabled
 Parallel Workers: 4
 Concurrent Workers: 1
 Concurrent Refinement Workers: 4
 Periodic GC: Disabled

Heap:
 garbage-first heap   total 78848K, used 67604K [0x0000000080000000, 0x0000000100000000)
  region size 1024K, 23 young (23552K), 3 survivors (3072K)
 Metaspace       used 66365K, committed 67968K, reserved 1114112K
  class space    used 9030K, committed 9856K, reserved 1048576K

Heap Regions: E=young(eden), S=young(survivor), O=old, HS=humongous(starts), HC=humongous(continues), CS=collection set, F=free, TAMS=top-at-mark-start, PB=parsable bottom
|   0|0x0000000080000000, 0x0000000080100000, 0x0000000080100000|100%|HS|  |TAMS 0x0000000080000000| PB 0x0000000080000000| Complete 
|   1|0x0000000080100000, 0x0000000080200000, 0x0000000080200000|100%|HC|  |TAMS 0x0000000080100000| PB 0x0000000080100000| Complete 
|   2|0x0000000080200000, 0x0000000080300000, 0x0000000080300000|100%|HC|  |TAMS 0x0000000080200000| PB 0x0000000080200000| Complete 
|   3|0x0000000080300000, 0x0000000080400000, 0x0000000080400000|100%|HC|  |TAMS 0x0000000080300000| PB 0x0000000080300000| Complete 
|   4|0x0000000080400000, 0x0000000080500000, 0x0000000080500000|100%| O|  |TAMS 0x0000000080400000| PB 0x0000000080400000| Untracked 
|   5|0x0000000080500000, 0x0000000080600000, 0x0000000080600000|100%| O|  |TAMS 0x0000000080500000| PB 0x0000000080500000| Untracked 
|   6|0x0000000080600000, 0x0000000080700000, 0x0000000080700000|100%| O|  |TAMS 0x0000000080600000| PB 0x0000000080600000| Untracked 
|   7|0x0000000080700000, 0x0000000080800000, 0x0000000080800000|100%|HS|  |TAMS 0x0000000080700000| PB 0x0000000080700000| Complete 
|   8|0x0000000080800000, 0x0000000080900000, 0x0000000080900000|100%| O|  |TAMS 0x0000000080800000| PB 0x0000000080800000| Untracked 
|   9|0x0000000080900000, 0x0000000080a00000, 0x0000000080a00000|100%| O|  |TAMS 0x0000000080900000| PB 0x0000000080900000| Untracked 
|  10|0x0000000080a00000, 0x0000000080b00000, 0x0000000080b00000|100%| O|  |TAMS 0x0000000080a00000| PB 0x0000000080a00000| Untracked 
|  11|0x0000000080b00000, 0x0000000080c00000, 0x0000000080c00000|100%| O|  |TAMS 0x0000000080b00000| PB 0x0000000080b00000| Untracked 
|  12|0x0000000080c00000, 0x0000000080d00000, 0x0000000080d00000|100%| O|  |TAMS 0x0000000080c00000| PB 0x0000000080c00000| Untracked 
|  13|0x0000000080d00000, 0x0000000080e00000, 0x0000000080e00000|100%| O|  |TAMS 0x0000000080d00000| PB 0x0000000080d00000| Untracked 
|  14|0x0000000080e00000, 0x0000000080f00000, 0x0000000080f00000|100%| O|  |TAMS 0x0000000080e00000| PB 0x0000000080e00000| Untracked 
|  15|0x0000000080f00000, 0x0000000081000000, 0x0000000081000000|100%| O|  |TAMS 0x0000000080f00000| PB 0x0000000080f00000| Untracked 
|  16|0x0000000081000000, 0x0000000081100000, 0x0000000081100000|100%| O|  |TAMS 0x0000000081000000| PB 0x0000000081000000| Untracked 
|  17|0x0000000081100000, 0x0000000081200000, 0x0000000081200000|100%| O|  |TAMS 0x0000000081100000| PB 0x0000000081100000| Untracked 
|  18|0x0000000081200000, 0x0000000081300000, 0x0000000081300000|100%| O|  |TAMS 0x0000000081200000| PB 0x0000000081200000| Untracked 
|  19|0x0000000081300000, 0x0000000081400000, 0x0000000081400000|100%| O|  |TAMS 0x0000000081300000| PB 0x0000000081300000| Untracked 
|  20|0x0000000081400000, 0x0000000081500000, 0x0000000081500000|100%| O|  |TAMS 0x0000000081400000| PB 0x0000000081400000| Untracked 
|  21|0x0000000081500000, 0x0000000081600000, 0x0000000081600000|100%| O|  |TAMS 0x0000000081500000| PB 0x0000000081500000| Untracked 
|  22|0x0000000081600000, 0x0000000081700000, 0x0000000081700000|100%| O|  |TAMS 0x0000000081600000| PB 0x0000000081600000| Untracked 
|  23|0x0000000081700000, 0x0000000081800000, 0x0000000081800000|100%| O|  |TAMS 0x0000000081700000| PB 0x0000000081700000| Untracked 
|  24|0x0000000081800000, 0x0000000081900000, 0x0000000081900000|100%| O|  |TAMS 0x0000000081800000| PB 0x0000000081800000| Untracked 
|  25|0x0000000081900000, 0x0000000081a00000, 0x0000000081a00000|100%| O|  |TAMS 0x0000000081900000| PB 0x0000000081900000| Untracked 
|  26|0x0000000081a00000, 0x0000000081b00000, 0x0000000081b00000|100%| O|  |TAMS 0x0000000081a00000| PB 0x0000000081a00000| Untracked 
|  27|0x0000000081b00000, 0x0000000081c00000, 0x0000000081c00000|100%| O|  |TAMS 0x0000000081b00000| PB 0x0000000081b00000| Untracked 
|  28|0x0000000081c00000, 0x0000000081d00000, 0x0000000081d00000|100%| O|  |TAMS 0x0000000081c00000| PB 0x0000000081c00000| Untracked 
|  29|0x0000000081d00000, 0x0000000081e00000, 0x0000000081e00000|100%| O|  |TAMS 0x0000000081d00000| PB 0x0000000081d00000| Untracked 
|  30|0x0000000081e00000, 0x0000000081f00000, 0x0000000081f00000|100%| O|  |TAMS 0x0000000081e00000| PB 0x0000000081e00000| Untracked 
|  31|0x0000000081f00000, 0x0000000082000000, 0x0000000082000000|100%| O|  |TAMS 0x0000000081f00000| PB 0x0000000081f00000| Untracked 
|  32|0x0000000082000000, 0x0000000082100000, 0x0000000082100000|100%| O|  |TAMS 0x0000000082000000| PB 0x0000000082000000| Untracked 
|  33|0x0000000082100000, 0x0000000082200000, 0x0000000082200000|100%| O|  |TAMS 0x0000000082100000| PB 0x0000000082100000| Untracked 
|  34|0x0000000082200000, 0x0000000082300000, 0x0000000082300000|100%| O|  |TAMS 0x0000000082200000| PB 0x0000000082200000| Untracked 
|  35|0x0000000082300000, 0x0000000082400000, 0x0000000082400000|100%| O|  |TAMS 0x0000000082300000| PB 0x0000000082300000| Untracked 
|  36|0x0000000082400000, 0x0000000082500000, 0x0000000082500000|100%| O|Cm|TAMS 0x0000000082400000| PB 0x0000000082400000| Complete 
|  37|0x0000000082500000, 0x0000000082600000, 0x0000000082600000|100%| O|  |TAMS 0x0000000082500000| PB 0x0000000082500000| Untracked 
|  38|0x0000000082600000, 0x0000000082700000, 0x0000000082700000|100%| O|  |TAMS 0x0000000082600000| PB 0x0000000082600000| Untracked 
|  39|0x0000000082700000, 0x0000000082800000, 0x0000000082800000|100%| O|  |TAMS 0x0000000082700000| PB 0x0000000082700000| Untracked 
|  40|0x0000000082800000, 0x0000000082900000, 0x0000000082900000|100%| O|Cm|TAMS 0x0000000082800000| PB 0x0000000082800000| Complete 
|  41|0x0000000082900000, 0x0000000082a00000, 0x0000000082a00000|100%| O|  |TAMS 0x0000000082900000| PB 0x0000000082900000| Untracked 
|  42|0x0000000082a00000, 0x0000000082b00000, 0x0000000082b00000|100%| O|  |TAMS 0x0000000082a00000| PB 0x0000000082a00000| Untracked 
|  43|0x0000000082b00000, 0x0000000082b66290, 0x0000000082c00000| 39%| O|  |TAMS 0x0000000082b00000| PB 0x0000000082b00000| Untracked 
|  44|0x0000000082c00000, 0x0000000082c00000, 0x0000000082d00000|  0%| F|  |TAMS 0x0000000082c00000| PB 0x0000000082c00000| Untracked 
|  45|0x0000000082d00000, 0x0000000082e00000, 0x0000000082e00000|100%| O|  |TAMS 0x0000000082d00000| PB 0x0000000082d00000| Untracked 
|  46|0x0000000082e00000, 0x0000000082f00000, 0x0000000082f00000|100%| O|  |TAMS 0x0000000082e00000| PB 0x0000000082e00000| Untracked 
|  47|0x0000000082f00000, 0x0000000082f00000, 0x0000000083000000|  0%| F|  |TAMS 0x0000000082f00000| PB 0x0000000082f00000| Untracked 
|  48|0x0000000083000000, 0x0000000083000000, 0x0000000083100000|  0%| F|  |TAMS 0x0000000083000000| PB 0x0000000083000000| Untracked 
|  49|0x0000000083100000, 0x0000000083100000, 0x0000000083200000|  0%| F|  |TAMS 0x0000000083100000| PB 0x0000000083100000| Untracked 
|  50|0x0000000083200000, 0x0000000083200000, 0x0000000083300000|  0%| F|  |TAMS 0x0000000083200000| PB 0x0000000083200000| Untracked 
|  51|0x0000000083300000, 0x0000000083300000, 0x0000000083400000|  0%| F|  |TAMS 0x0000000083300000| PB 0x0000000083300000| Untracked 
|  52|0x0000000083400000, 0x0000000083400000, 0x0000000083500000|  0%| F|  |TAMS 0x0000000083400000| PB 0x0000000083400000| Untracked 
|  53|0x0000000083500000, 0x0000000083500000, 0x0000000083600000|  0%| F|  |TAMS 0x0000000083500000| PB 0x0000000083500000| Untracked 
|  54|0x0000000083600000, 0x0000000083631288, 0x0000000083700000| 19%| E|  |TAMS 0x0000000083600000| PB 0x0000000083600000| Complete 
|  55|0x0000000083700000, 0x0000000083800000, 0x0000000083800000|100%| E|CS|TAMS 0x0000000083700000| PB 0x0000000083700000| Complete 
|  56|0x0000000083800000, 0x0000000083900000, 0x0000000083900000|100%| E|CS|TAMS 0x0000000083800000| PB 0x0000000083800000| Complete 
|  57|0x0000000083900000, 0x0000000083a00000, 0x0000000083a00000|100%| E|CS|TAMS 0x0000000083900000| PB 0x0000000083900000| Complete 
|  58|0x0000000083a00000, 0x0000000083a9efc0, 0x0000000083b00000| 62%| S|CS|TAMS 0x0000000083a00000| PB 0x0000000083a00000| Complete 
|  59|0x0000000083b00000, 0x0000000083c00000, 0x0000000083c00000|100%| S|CS|TAMS 0x0000000083b00000| PB 0x0000000083b00000| Complete 
|  60|0x0000000083c00000, 0x0000000083d00000, 0x0000000083d00000|100%| S|CS|TAMS 0x0000000083c00000| PB 0x0000000083c00000| Complete 
|  61|0x0000000083d00000, 0x0000000083e00000, 0x0000000083e00000|100%| E|  |TAMS 0x0000000083d00000| PB 0x0000000083d00000| Complete 
|  62|0x0000000083e00000, 0x0000000083f00000, 0x0000000083f00000|100%| E|CS|TAMS 0x0000000083e00000| PB 0x0000000083e00000| Complete 
| 217|0x000000008d900000, 0x000000008da00000, 0x000000008da00000|100%| E|CS|TAMS 0x000000008d900000| PB 0x000000008d900000| Complete 
| 218|0x000000008da00000, 0x000000008db00000, 0x000000008db00000|100%| E|CS|TAMS 0x000000008da00000| PB 0x000000008da00000| Complete 
| 219|0x000000008db00000, 0x000000008dc00000, 0x000000008dc00000|100%| E|CS|TAMS 0x000000008db00000| PB 0x000000008db00000| Complete 
| 220|0x000000008dc00000, 0x000000008dd00000, 0x000000008dd00000|100%| E|CS|TAMS 0x000000008dc00000| PB 0x000000008dc00000| Complete 
| 221|0x000000008dd00000, 0x000000008de00000, 0x000000008de00000|100%| E|CS|TAMS 0x000000008dd00000| PB 0x000000008dd00000| Complete 
| 222|0x000000008de00000, 0x000000008df00000, 0x000000008df00000|100%| E|CS|TAMS 0x000000008de00000| PB 0x000000008de00000| Complete 
| 223|0x000000008df00000, 0x000000008e000000, 0x000000008e000000|100%| E|CS|TAMS 0x000000008df00000| PB 0x000000008df00000| Complete 
| 224|0x000000008e000000, 0x000000008e100000, 0x000000008e100000|100%| E|CS|TAMS 0x000000008e000000| PB 0x000000008e000000| Complete 
| 225|0x000000008e100000, 0x000000008e200000, 0x000000008e200000|100%| E|CS|TAMS 0x000000008e100000| PB 0x000000008e100000| Complete 
| 226|0x000000008e200000, 0x000000008e300000, 0x000000008e300000|100%| E|CS|TAMS 0x000000008e200000| PB 0x000000008e200000| Complete 
| 227|0x000000008e300000, 0x000000008e400000, 0x000000008e400000|100%| E|CS|TAMS 0x000000008e300000| PB 0x000000008e300000| Complete 
| 228|0x000000008e400000, 0x000000008e500000, 0x000000008e500000|100%| E|CS|TAMS 0x000000008e400000| PB 0x000000008e400000| Complete 
| 229|0x000000008e500000, 0x000000008e600000, 0x000000008e600000|100%| E|CS|TAMS 0x000000008e500000| PB 0x000000008e500000| Complete 
| 317|0x0000000093d00000, 0x0000000093e00000, 0x0000000093e00000|100%| E|CS|TAMS 0x0000000093d00000| PB 0x0000000093d00000| Complete 

Card table byte_map: [0x00000233450a0000,0x00000233454a0000] _byte_map_base: 0x0000023344ca0000

Marking Bits: (CMBitMap*) 0x0000023332bb5230
 Bits: [0x00000233454a0000, 0x00000233474a0000)

Polling page: 0x0000023332320000

Metaspace:

Usage:
  Non-class:     55.99 MB used.
      Class:      8.82 MB used.
       Both:     64.81 MB used.

Virtual space:
  Non-class space:       64.00 MB reserved,      56.75 MB ( 89%) committed,  1 nodes.
      Class space:        1.00 GB reserved,       9.62 MB ( <1%) committed,  1 nodes.
             Both:        1.06 GB reserved,      66.38 MB (  6%) committed. 

Chunk freelists:
   Non-Class:  6.48 MB
       Class:  6.25 MB
        Both:  12.73 MB

MaxMetaspaceSize: unlimited
CompressedClassSpaceSize: 1.00 GB
Initial GC threshold: 21.00 MB
Current GC threshold: 110.25 MB
CDS: off
 - commit_granule_bytes: 65536.
 - commit_granule_words: 8192.
 - virtual_space_node_default_size: 8388608.
 - enlarge_chunks_in_place: 1.
 - use_allocation_guard: 0.


Internal statistics:

num_allocs_failed_limit: 6.
num_arena_births: 3080.
num_arena_deaths: 0.
num_vsnodes_births: 2.
num_vsnodes_deaths: 0.
num_space_committed: 1062.
num_space_uncommitted: 0.
num_chunks_returned_to_freelist: 6.
num_chunks_taken_from_freelist: 5726.
num_chunk_merges: 6.
num_chunk_splits: 3742.
num_chunks_enlarged: 2346.
num_inconsistent_stats: 0.

CodeHeap 'non-profiled nmethods': size=120000Kb used=3525Kb max_used=3525Kb free=116474Kb
 bounds [0x000002333d770000, 0x000002333daf0000, 0x0000023344ca0000]
CodeHeap 'profiled nmethods': size=120000Kb used=12085Kb max_used=12085Kb free=107914Kb
 bounds [0x0000023335ca0000, 0x0000023336870000, 0x000002333d1d0000]
CodeHeap 'non-nmethods': size=5760Kb used=2188Kb max_used=2217Kb free=3572Kb
 bounds [0x000002333d1d0000, 0x000002333d440000, 0x000002333d770000]
 total_blobs=7446 nmethods=6692 adapters=658
 compilation: enabled
              stopped_count=0, restarted_count=0
 full_count=0

Compilation events (20 events):
Event: 15.661 Thread 0x0000023349b4fd20 7564       3       org.gradle.api.internal.artifacts.ivyservice.resolveengine.artifact.ArtifactVisitorToResolvedFileVisitorAdapter::visitArtifact (17 bytes)
Event: 15.662 Thread 0x0000023349b4fd20 nmethod 7564 0x0000023336867310 code [0x00000233368674e0, 0x0000023336867828]
Event: 15.662 Thread 0x0000023349b4fd20 7565       3       org.gradle.internal.component.model.DefaultIvyArtifactName::forFileName (22 bytes)
Event: 15.662 Thread 0x0000023349b4fd20 nmethod 7565 0x0000023336867990 code [0x0000023336867b80, 0x0000023336867fd0]
Event: 15.662 Thread 0x0000023349b4fd20 7566       3       org.gradle.api.internal.artifacts.PreResolvedResolvableArtifact::<init> (73 bytes)
Event: 15.663 Thread 0x0000023349b4fd20 nmethod 7566 0x0000023336868190 code [0x0000023336868420, 0x0000023336869510]
Event: 15.663 Thread 0x0000023349b4fd20 7567       3       java.util.HashMap::clear (50 bytes)
Event: 15.663 Thread 0x0000023349b4fd20 nmethod 7567 0x0000023336869a10 code [0x0000023336869bc0, 0x0000023336869f70]
Event: 15.663 Thread 0x0000023349b4fd20 7568   !   3       org.gradle.api.internal.artifacts.transform.TransformingAsyncArtifactListener$TransformedArtifact::finalizeValue (168 bytes)
Event: 15.664 Thread 0x0000023349b4fd20 nmethod 7568 0x000002333686a090 code [0x000002333686a3e0, 0x000002333686b9a0]
Event: 15.664 Thread 0x0000023349b4fd20 7569       1       org.gradle.api.internal.artifacts.transform.TransformStepSubject$Transformed::getFiles (5 bytes)
Event: 15.664 Thread 0x0000023349b4fd20 nmethod 7569 0x000002333dae1310 code [0x000002333dae14a0, 0x000002333dae1568]
Event: 15.664 Thread 0x0000023349b4fd20 7570       2       com.google.common.collect.AbstractIterator::hasNext (65 bytes)
Event: 15.665 Thread 0x0000023349b4fd20 nmethod 7570 0x000002333686c210 code [0x000002333686c3e0, 0x000002333686c698]
Event: 15.665 Thread 0x0000023349b4fd20 7571       3       org.gradle.api.internal.file.FilteredFileCollection$$Lambda/0x00000001009b36e8::apply (14 bytes)
Event: 15.665 Thread 0x0000023349b4fd20 nmethod 7571 0x000002333686c810 code [0x000002333686c9c0, 0x000002333686cc70]
Event: 15.665 Thread 0x0000023349b4fd20 7572       3       org.gradle.api.internal.initialization.transform.services.CacheInstrumentationDataBuildService$1$$Lambda/0x00000001007867f0::isSatisfiedBy (8 bytes)
Event: 15.665 Thread 0x0000023349b4fd20 nmethod 7572 0x000002333686cd90 code [0x000002333686cf60, 0x000002333686d248]
Event: 15.666 Thread 0x0000023349b4fd20 7573       3       com.google.common.collect.ImmutableSet$Builder::add (6 bytes)
Event: 15.666 Thread 0x0000023349b4fd20 nmethod 7573 0x000002333686d390 code [0x000002333686d540, 0x000002333686d700]

GC Heap History (20 events):
Event: 7.886 GC heap before
{Heap before GC invocations=9 (full 0):
 garbage-first heap   total 71680K, used 60276K [0x0000000080000000, 0x0000000100000000)
  region size 1024K, 36 young (36864K), 4 survivors (4096K)
 Metaspace       used 45437K, committed 46528K, reserved 1114112K
  class space    used 6034K, committed 6592K, reserved 1048576K
}
Event: 7.899 GC heap after
{Heap after GC invocations=10 (full 0):
 garbage-first heap   total 71680K, used 32216K [0x0000000080000000, 0x0000000100000000)
  region size 1024K, 5 young (5120K), 5 survivors (5120K)
 Metaspace       used 45437K, committed 46528K, reserved 1114112K
  class space    used 6034K, committed 6592K, reserved 1048576K
}
Event: 8.692 GC heap before
{Heap before GC invocations=10 (full 0):
 garbage-first heap   total 71680K, used 60888K [0x0000000080000000, 0x0000000100000000)
  region size 1024K, 33 young (33792K), 5 survivors (5120K)
 Metaspace       used 46495K, committed 47744K, reserved 1114112K
  class space    used 6206K, committed 6784K, reserved 1048576K
}
Event: 8.698 GC heap after
{Heap after GC invocations=11 (full 0):
 garbage-first heap   total 71680K, used 34671K [0x0000000080000000, 0x0000000100000000)
  region size 1024K, 2 young (2048K), 2 survivors (2048K)
 Metaspace       used 46495K, committed 47744K, reserved 1114112K
  class space    used 6206K, committed 6784K, reserved 1048576K
}
Event: 9.639 GC heap before
{Heap before GC invocations=11 (full 0):
 garbage-first heap   total 71680K, used 62319K [0x0000000080000000, 0x0000000100000000)
  region size 1024K, 29 young (29696K), 2 survivors (2048K)
 Metaspace       used 48759K, committed 50112K, reserved 1114112K
  class space    used 6577K, committed 7232K, reserved 1048576K
}
Event: 9.643 GC heap after
{Heap after GC invocations=12 (full 0):
 garbage-first heap   total 71680K, used 36534K [0x0000000080000000, 0x0000000100000000)
  region size 1024K, 4 young (4096K), 4 survivors (4096K)
 Metaspace       used 48759K, committed 50112K, reserved 1114112K
  class space    used 6577K, committed 7232K, reserved 1048576K
}
Event: 10.482 GC heap before
{Heap before GC invocations=13 (full 0):
 garbage-first heap   total 71680K, used 64182K [0x0000000080000000, 0x0000000100000000)
  region size 1024K, 30 young (30720K), 4 survivors (4096K)
 Metaspace       used 52627K, committed 54080K, reserved 1114112K
  class space    used 7108K, committed 7808K, reserved 1048576K
}
Event: 10.487 GC heap after
{Heap after GC invocations=14 (full 0):
 garbage-first heap   total 71680K, used 39033K [0x0000000080000000, 0x0000000100000000)
  region size 1024K, 2 young (2048K), 2 survivors (2048K)
 Metaspace       used 52627K, committed 54080K, reserved 1114112K
  class space    used 7108K, committed 7808K, reserved 1048576K
}
Event: 11.300 GC heap before
{Heap before GC invocations=14 (full 0):
 garbage-first heap   total 71680K, used 63609K [0x0000000080000000, 0x0000000100000000)
  region size 1024K, 26 young (26624K), 2 survivors (2048K)
 Metaspace       used 56267K, committed 57664K, reserved 1114112K
  class space    used 7569K, committed 8256K, reserved 1048576K
}
Event: 11.304 GC heap after
{Heap after GC invocations=15 (full 0):
 garbage-first heap   total 71680K, used 38501K [0x0000000080000000, 0x0000000100000000)
  region size 1024K, 3 young (3072K), 3 survivors (3072K)
 Metaspace       used 56267K, committed 57664K, reserved 1114112K
  class space    used 7569K, committed 8256K, reserved 1048576K
}
Event: 12.283 GC heap before
{Heap before GC invocations=15 (full 0):
 garbage-first heap   total 71680K, used 63077K [0x0000000080000000, 0x0000000100000000)
  region size 1024K, 27 young (27648K), 3 survivors (3072K)
 Metaspace       used 60017K, committed 61504K, reserved 1114112K
  class space    used 8126K, committed 8896K, reserved 1048576K
}
Event: 12.287 GC heap after
{Heap after GC invocations=16 (full 0):
 garbage-first heap   total 71680K, used 39651K [0x0000000080000000, 0x0000000100000000)
  region size 1024K, 4 young (4096K), 4 survivors (4096K)
 Metaspace       used 60017K, committed 61504K, reserved 1114112K
  class space    used 8126K, committed 8896K, reserved 1048576K
}
Event: 13.248 GC heap before
{Heap before GC invocations=17 (full 0):
 garbage-first heap   total 71680K, used 62179K [0x0000000080000000, 0x0000000100000000)
  region size 1024K, 26 young (26624K), 4 survivors (4096K)
 Metaspace       used 62832K, committed 64384K, reserved 1114112K
  class space    used 8608K, committed 9408K, reserved 1048576K
}
Event: 13.255 GC heap after
{Heap after GC invocations=18 (full 0):
 garbage-first heap   total 71680K, used 40962K [0x0000000080000000, 0x0000000100000000)
  region size 1024K, 3 young (3072K), 3 survivors (3072K)
 Metaspace       used 62832K, committed 64384K, reserved 1114112K
  class space    used 8608K, committed 9408K, reserved 1048576K
}
Event: 14.172 GC heap before
{Heap before GC invocations=18 (full 0):
 garbage-first heap   total 71680K, used 63490K [0x0000000080000000, 0x0000000100000000)
  region size 1024K, 25 young (25600K), 3 survivors (3072K)
 Metaspace       used 65105K, committed 66752K, reserved 1114112K
  class space    used 8917K, committed 9728K, reserved 1048576K
}
Event: 14.181 GC heap after
{Heap after GC invocations=19 (full 0):
 garbage-first heap   total 71680K, used 42882K [0x0000000080000000, 0x0000000100000000)
  region size 1024K, 4 young (4096K), 4 survivors (4096K)
 Metaspace       used 65105K, committed 66752K, reserved 1114112K
  class space    used 8917K, committed 9728K, reserved 1048576K
}
Event: 14.863 GC heap before
{Heap before GC invocations=19 (full 0):
 garbage-first heap   total 71680K, used 63362K [0x0000000080000000, 0x0000000100000000)
  region size 1024K, 24 young (24576K), 4 survivors (4096K)
 Metaspace       used 66015K, committed 67712K, reserved 1114112K
  class space    used 9023K, committed 9856K, reserved 1048576K
}
Event: 14.872 GC heap after
{Heap after GC invocations=20 (full 0):
 garbage-first heap   total 71680K, used 46902K [0x0000000080000000, 0x0000000100000000)
  region size 1024K, 3 young (3072K), 3 survivors (3072K)
 Metaspace       used 66015K, committed 67712K, reserved 1114112K
  class space    used 9023K, committed 9856K, reserved 1048576K
}
Event: 15.365 GC heap before
{Heap before GC invocations=21 (full 0):
 garbage-first heap   total 78848K, used 62262K [0x0000000080000000, 0x0000000100000000)
  region size 1024K, 19 young (19456K), 3 survivors (3072K)
 Metaspace       used 66181K, committed 67840K, reserved 1114112K
  class space    used 9023K, committed 9856K, reserved 1048576K
}
Event: 15.371 GC heap after
{Heap after GC invocations=22 (full 0):
 garbage-first heap   total 78848K, used 49172K [0x0000000080000000, 0x0000000100000000)
  region size 1024K, 3 young (3072K), 3 survivors (3072K)
 Metaspace       used 66181K, committed 67840K, reserved 1114112K
  class space    used 9023K, committed 9856K, reserved 1048576K
}

Dll operation events (3 events):
Event: 0.039 Loaded shared library C:\Program Files\Android\Android Studio\jbr\bin\java.dll
Event: 0.077 Loaded shared library C:\Program Files\Android\Android Studio\jbr\bin\zip.dll
Event: 2.724 Loaded shared library C:\Program Files\Android\Android Studio\jbr\bin\verify.dll

Deoptimization events (20 events):
Event: 15.560 Thread 0x0000023352244650 Uncommon trap: trap_request=0xffffff45 fr.pc=0x000002333dac4cc8 relative=0x0000000000000988
Event: 15.560 Thread 0x0000023352244650 Uncommon trap: reason=unstable_if action=reinterpret pc=0x000002333dac4cc8 method=java.util.concurrent.ConcurrentHashMap.addCount(JI)V @ 110 c2
Event: 15.560 Thread 0x0000023352244650 DEOPT PACKING pc=0x000002333dac4cc8 sp=0x0000009f933fe390
Event: 15.560 Thread 0x0000023352244650 DEOPT UNPACKING pc=0x000002333d227da2 sp=0x0000009f933fe260 mode 2
Event: 15.664 Thread 0x000002334fc73360 Uncommon trap: trap_request=0xffffffde fr.pc=0x000002333da8fca8 relative=0x0000000000000568
Event: 15.664 Thread 0x000002334fc73360 Uncommon trap: reason=class_check action=maybe_recompile pc=0x000002333da8fca8 method=com.google.common.collect.AbstractIterator.tryToComputeNext()Z @ 9 c2
Event: 15.664 Thread 0x000002334fc73360 DEOPT PACKING pc=0x000002333da8fca8 sp=0x0000009f920f6ad0
Event: 15.664 Thread 0x000002334fc73360 DEOPT UNPACKING pc=0x000002333d227da2 sp=0x0000009f920f6a38 mode 2
Event: 15.664 Thread 0x000002334fc73360 Uncommon trap: trap_request=0xffffffde fr.pc=0x000002333da8fca8 relative=0x0000000000000568
Event: 15.664 Thread 0x000002334fc73360 Uncommon trap: reason=class_check action=maybe_recompile pc=0x000002333da8fca8 method=com.google.common.collect.AbstractIterator.tryToComputeNext()Z @ 9 c2
Event: 15.664 Thread 0x000002334fc73360 DEOPT PACKING pc=0x000002333da8fca8 sp=0x0000009f920f6ad0
Event: 15.664 Thread 0x000002334fc73360 DEOPT UNPACKING pc=0x000002333d227da2 sp=0x0000009f920f6a38 mode 2
Event: 15.664 Thread 0x000002334fc73360 Uncommon trap: trap_request=0xffffffde fr.pc=0x000002333da8fca8 relative=0x0000000000000568
Event: 15.664 Thread 0x000002334fc73360 Uncommon trap: reason=class_check action=maybe_recompile pc=0x000002333da8fca8 method=com.google.common.collect.AbstractIterator.tryToComputeNext()Z @ 9 c2
Event: 15.664 Thread 0x000002334fc73360 DEOPT PACKING pc=0x000002333da8fca8 sp=0x0000009f920f6a00
Event: 15.664 Thread 0x000002334fc73360 DEOPT UNPACKING pc=0x000002333d227da2 sp=0x0000009f920f6968 mode 2
Event: 15.664 Thread 0x000002334fc73360 Uncommon trap: trap_request=0xffffffde fr.pc=0x000002333da8fca8 relative=0x0000000000000568
Event: 15.664 Thread 0x000002334fc73360 Uncommon trap: reason=class_check action=maybe_recompile pc=0x000002333da8fca8 method=com.google.common.collect.AbstractIterator.tryToComputeNext()Z @ 9 c2
Event: 15.664 Thread 0x000002334fc73360 DEOPT PACKING pc=0x000002333da8fca8 sp=0x0000009f920f6a00
Event: 15.664 Thread 0x000002334fc73360 DEOPT UNPACKING pc=0x000002333d227da2 sp=0x0000009f920f6968 mode 2

Classes loaded (20 events):
Event: 13.520 Loading class jdk/internal/event/DeserializationEvent
Event: 13.521 Loading class jdk/internal/event/DeserializationEvent done
Event: 13.522 Loading class java/io/ObjectInputStream$FieldValues
Event: 13.522 Loading class java/io/ObjectInputStream$GetField
Event: 13.522 Loading class java/io/ObjectInputStream$GetField done
Event: 13.522 Loading class java/io/ObjectInputStream$FieldValues done
Event: 13.531 Loading class sun/reflect/ReflectionFactory
Event: 13.531 Loading class sun/reflect/ReflectionFactory done
Event: 13.531 Loading class sun/reflect/ReflectionFactory$1
Event: 13.531 Loading class sun/reflect/ReflectionFactory$1 done
Event: 14.312 Loading class java/util/Collections$ReverseComparator
Event: 14.312 Loading class java/util/Collections$ReverseComparator done
Event: 14.312 Loading class java/util/Collections$ReverseComparator2
Event: 14.313 Loading class java/util/Collections$ReverseComparator2 done
Event: 14.447 Loading class java/util/LinkedList$LLSpliterator
Event: 14.447 Loading class java/util/LinkedList$LLSpliterator done
Event: 14.475 Loading class java/util/concurrent/LinkedBlockingDeque$Itr
Event: 14.475 Loading class java/util/concurrent/LinkedBlockingDeque$AbstractItr
Event: 14.476 Loading class java/util/concurrent/LinkedBlockingDeque$AbstractItr done
Event: 14.476 Loading class java/util/concurrent/LinkedBlockingDeque$Itr done

Classes unloaded (0 events):
No events

Classes redefined (0 events):
No events

Internal exceptions (20 events):
Event: 13.013 Thread 0x000002334fc73360 Implicit null exception at 0x000002333da0d044 to 0x000002333da0d37c
Event: 13.061 Thread 0x000002334fc73360 Exception <a 'java/lang/NoSuchMethodError'{0x00000000834fd1d8}: 'java.lang.Object java.lang.invoke.DirectMethodHandle$Holder.invokeInterface(java.lang.Object, java.lang.Object, int)'> (0x00000000834fd1d8) 
thrown [s\src\hotspot\share\interpreter\linkResolver.cpp, line 784]
Event: 13.264 Thread 0x000002334fc73360 Exception <a 'java/lang/NoSuchMethodError'{0x0000000093d6c788}: 'java.lang.Object java.lang.invoke.DirectMethodHandle$Holder.invokeVirtual(java.lang.Object, java.lang.Object, java.lang.Object, java.lang.Object, java.lang.Object, java.lang.Object, java.lang.Object, java.lang.Object, java.lang.Object, java.lang.Object, java.lang.Object, java.lang.Object, java.lang.Object, java.lang.Object, java.lang.Object, java.lang.Object, java.lang.Object)'> (0x0000000093d6c788) 
thrown [s\src\hotspot\share\interpreter\li
Event: 13.265 Thread 0x000002334fc73360 Exception <a 'java/lang/NoSuchMethodError'{0x0000000093d732d8}: 'java.lang.Object java.lang.invoke.DirectMethodHandle$Holder.invokeSpecial(java.lang.Object, java.lang.Object, java.lang.Object, java.lang.Object, java.lang.Object, java.lang.Object, java.lang.Object, java.lang.Object, java.lang.Object, java.lang.Object, java.lang.Object, java.lang.Object, java.lang.Object, java.lang.Object, java.lang.Object, java.lang.Object, java.lang.Object, java.lang.Object)'> (0x0000000093d732d8) 
thrown [s\src\hotspot\sh
Event: 13.265 Thread 0x000002334fc73360 Exception <a 'java/lang/NoSuchMethodError'{0x0000000093d787f8}: 'java.lang.Object java.lang.invoke.DelegatingMethodHandle$Holder.reinvoke_L(java.lang.Object, java.lang.Object, java.lang.Object, java.lang.Object, java.lang.Object, java.lang.Object, java.lang.Object, java.lang.Object, java.lang.Object, java.lang.Object, java.lang.Object, java.lang.Object, java.lang.Object, java.lang.Object, java.lang.Object, java.lang.Object, java.lang.Object)'> (0x0000000093d787f8) 
thrown [s\src\hotspot\share\interpreter\l
Event: 13.322 Thread 0x000002334fc73360 Exception <a 'java/lang/NoSuchMethodError'{0x000000008e52f0b8}: 'void java.lang.invoke.DirectMethodHandle$Holder.invokeStatic(java.lang.Object, java.lang.Object, java.lang.Object, java.lang.Object, java.lang.Object, java.lang.Object)'> (0x000000008e52f0b8) 
thrown [s\src\hotspot\share\interpreter\linkResolver.cpp, line 784]
Event: 13.474 Thread 0x000002334fc73360 Exception <a 'java/lang/NoSuchMethodError'{0x000000008e13f9b8}: static Lorg/gradle/api/internal/catalog/DefaultVersionCatalog;.<clinit>()V> (0x000000008e13f9b8) 
thrown [s\src\hotspot\share\prims\jni.cpp, line 1135]
Event: 13.482 Thread 0x000002334fc73360 Exception <a 'java/lang/NoSuchMethodError'{0x000000008e190998}: static [Ljava/lang/Object;.<clinit>()V> (0x000000008e190998) 
thrown [s\src\hotspot\share\prims\jni.cpp, line 1135]
Event: 13.484 Thread 0x000002334fc73360 Exception <a 'java/lang/NoSuchMethodError'{0x000000008e1b7df0}: static Lorg/gradle/api/internal/catalog/DependencyModel;.<clinit>()V> (0x000000008e1b7df0) 
thrown [s\src\hotspot\share\prims\jni.cpp, line 1135]
Event: 13.485 Thread 0x000002334fc73360 Exception <a 'java/lang/NoSuchMethodError'{0x000000008e1bbbe0}: static Lorg/gradle/api/internal/catalog/AbstractContextAwareModel;.<clinit>()V> (0x000000008e1bbbe0) 
thrown [s\src\hotspot\share\prims\jni.cpp, line 1135]
Event: 13.489 Thread 0x000002334fc73360 Exception <a 'java/lang/NoSuchMethodError'{0x000000008e1d5478}: static Lorg/gradle/api/internal/artifacts/dependencies/AbstractVersionConstraint;.<clinit>()V> (0x000000008e1d5478) 
thrown [s\src\hotspot\share\prims\jni.cpp, line 1135]
Event: 13.497 Thread 0x000002334fc73360 Exception <a 'java/lang/NoSuchMethodError'{0x000000008e035478}: static Lorg/gradle/api/internal/catalog/PluginModel;.<clinit>()V> (0x000000008e035478) 
thrown [s\src\hotspot\share\prims\jni.cpp, line 1135]
Event: 13.499 Thread 0x000002334fc73360 Exception <a 'java/lang/NoSuchMethodError'{0x000000008e04c938}: static Lorg/gradle/api/internal/catalog/VersionModel;.<clinit>()V> (0x000000008e04c938) 
thrown [s\src\hotspot\share\prims\jni.cpp, line 1135]
Event: 13.505 Thread 0x000002334fc73360 Exception <a 'java/lang/NoSuchMethodError'{0x000000008e06df88}: 'void java.lang.invoke.DirectMethodHandle$Holder.invokeSpecial(java.lang.Object, java.lang.Object, java.lang.Object, int)'> (0x000000008e06df88) 
thrown [s\src\hotspot\share\interpreter\linkResolver.cpp, line 784]
Event: 13.700 Thread 0x000002334fc73360 Exception <a 'java/lang/NoSuchMethodError'{0x000000008dc8cb20}: 'int java.lang.invoke.DirectMethodHandle$Holder.invokeSpecialIFC(java.lang.Object, java.lang.Object, java.lang.Object)'> (0x000000008dc8cb20) 
thrown [s\src\hotspot\share\interpreter\linkResolver.cpp, line 784]
Event: 13.816 Thread 0x000002334fc73360 Exception <a 'java/lang/NoSuchMethodError'{0x0000000083725c40}: 'java.lang.Object java.lang.invoke.DirectMethodHandle$Holder.invokeSpecial(java.lang.Object, java.lang.Object, java.lang.Object, java.lang.Object, java.lang.Object, long)'> (0x0000000083725c40) 
thrown [s\src\hotspot\share\interpreter\linkResolver.cpp, line 784]
Event: 13.818 Thread 0x000002334fc73360 Exception <a 'java/lang/NoSuchMethodError'{0x00000000837454c8}: 'void java.lang.invoke.DirectMethodHandle$Holder.invokeStatic(java.lang.Object, java.lang.Object, java.lang.Object, int, java.lang.Object)'> (0x00000000837454c8) 
thrown [s\src\hotspot\share\interpreter\linkResolver.cpp, line 784]
Event: 14.448 Thread 0x000002334fc73360 Exception <a 'java/lang/IncompatibleClassChangeError'{0x000000008e1519b0}: Found class java.lang.Object, but interface was expected> (0x000000008e1519b0) 
thrown [s\src\hotspot\share\interpreter\linkResolver.cpp, line 851]
Event: 14.712 Thread 0x000002334fc73360 Exception <a 'java/lang/NoSuchMethodError'{0x000000008d962cb0}: 'java.lang.Object java.lang.invoke.DirectMethodHandle$Holder.newInvokeSpecial(java.lang.Object, java.lang.Object, java.lang.Object, java.lang.Object, int, java.lang.Object)'> (0x000000008d962cb0) 
thrown [s\src\hotspot\share\interpreter\linkResolver.cpp, line 784]
Event: 14.712 Thread 0x000002334fc73360 Exception <a 'java/lang/NoSuchMethodError'{0x000000008d96b740}: 'java.lang.Object java.lang.invoke.Invokers$Holder.linkToTargetMethod(java.lang.Object, java.lang.Object, java.lang.Object, int, java.lang.Object, java.lang.Object)'> (0x000000008d96b740) 
thrown [s\src\hotspot\share\interpreter\linkResolver.cpp, line 784]

ZGC Phase Switch (0 events):
No events

VM Operations (20 events):
Event: 14.172 Executing VM operation: G1CollectForAllocation (G1 Evacuation Pause)
Event: 14.181 Executing VM operation: G1CollectForAllocation (G1 Evacuation Pause) done
Event: 14.366 Executing VM operation: HandshakeAllThreads (Deoptimize)
Event: 14.366 Executing VM operation: HandshakeAllThreads (Deoptimize) done
Event: 14.493 Executing VM operation: HandshakeAllThreads (Deoptimize)
Event: 14.493 Executing VM operation: HandshakeAllThreads (Deoptimize) done
Event: 14.573 Executing VM operation: ICBufferFull
Event: 14.582 Executing VM operation: ICBufferFull done
Event: 14.848 Executing VM operation: ICBufferFull
Event: 14.848 Executing VM operation: ICBufferFull done
Event: 14.862 Executing VM operation: G1CollectForAllocation (G1 Evacuation Pause)
Event: 14.872 Executing VM operation: G1CollectForAllocation (G1 Evacuation Pause) done
Event: 14.940 Executing VM operation: G1PauseRemark
Event: 14.963 Executing VM operation: G1PauseRemark done
Event: 14.996 Executing VM operation: G1PauseCleanup
Event: 14.996 Executing VM operation: G1PauseCleanup done
Event: 15.365 Executing VM operation: G1CollectForAllocation (G1 Evacuation Pause)
Event: 15.371 Executing VM operation: G1CollectForAllocation (G1 Evacuation Pause) done
Event: 15.656 Executing VM operation: HandshakeAllThreads (Deoptimize)
Event: 15.656 Executing VM operation: HandshakeAllThreads (Deoptimize) done

Memory protections (0 events):
No events

Nmethod flushes (20 events):
Event: 14.962 Thread 0x00000233499c8530 flushing  nmethod 0x0000023336026c10
Event: 14.962 Thread 0x00000233499c8530 flushing  nmethod 0x0000023336068510
Event: 14.962 Thread 0x00000233499c8530 flushing  nmethod 0x0000023336068c10
Event: 14.962 Thread 0x00000233499c8530 flushing  nmethod 0x0000023336069510
Event: 14.962 Thread 0x00000233499c8530 flushing  nmethod 0x000002333607ef90
Event: 14.962 Thread 0x00000233499c8530 flushing  nmethod 0x000002333609b410
Event: 14.962 Thread 0x00000233499c8530 flushing  nmethod 0x00000233360bdd10
Event: 14.962 Thread 0x00000233499c8530 flushing  nmethod 0x00000233361e0c90
Event: 14.962 Thread 0x00000233499c8530 flushing  nmethod 0x000002333626bc90
Event: 14.962 Thread 0x00000233499c8530 flushing  nmethod 0x0000023336270610
Event: 14.962 Thread 0x00000233499c8530 flushing  nmethod 0x0000023336271190
Event: 14.962 Thread 0x00000233499c8530 flushing  nmethod 0x0000023336271a10
Event: 14.962 Thread 0x00000233499c8530 flushing  nmethod 0x00000233362b5790
Event: 14.962 Thread 0x00000233499c8530 flushing  nmethod 0x00000233362dd110
Event: 14.962 Thread 0x00000233499c8530 flushing  nmethod 0x00000233363ea610
Event: 14.962 Thread 0x00000233499c8530 flushing  nmethod 0x00000233363ee410
Event: 14.962 Thread 0x00000233499c8530 flushing  nmethod 0x0000023336464910
Event: 14.962 Thread 0x00000233499c8530 flushing  nmethod 0x0000023336465890
Event: 14.962 Thread 0x00000233499c8530 flushing  nmethod 0x00000233364ac710
Event: 14.962 Thread 0x00000233499c8530 flushing  nmethod 0x00000233364ad390

Events (20 events):
Event: 5.011 Thread 0x000002334fc73360 Thread added: 0x000002334fc71290
Event: 6.256 Thread 0x000002334fc73360 Thread added: 0x000002334fc72640
Event: 6.278 Thread 0x000002334fc73360 Thread added: 0x0000023352247ad0
Event: 6.550 Thread 0x000002334fc73360 Thread added: 0x0000023352249510
Event: 6.559 Thread 0x000002334fc73360 Thread added: 0x0000023352248e80
Event: 6.876 Thread 0x000002334fc73360 Thread added: 0x0000023352243930
Event: 6.909 Thread 0x000002334fc73360 Thread added: 0x0000023352248160
Event: 7.059 Thread 0x000002334fc73360 Thread added: 0x0000023352242580
Event: 7.209 Thread 0x000002334fc73360 Thread added: 0x0000023352244ce0
Event: 9.178 Thread 0x000002334e1855b0 Thread exited: 0x000002334e1855b0
Event: 10.110 Thread 0x0000023349b4fd20 Thread added: 0x000002334fdf1be0
Event: 11.180 Thread 0x000002334fdf1be0 Thread exited: 0x000002334fdf1be0
Event: 12.709 Thread 0x0000023349b4fd20 Thread added: 0x00000233511eb810
Event: 14.504 Thread 0x000002334fc73360 Thread added: 0x0000023352247440
Event: 14.504 Thread 0x000002334fc73360 Thread added: 0x0000023352246720
Event: 14.505 Thread 0x000002334fc73360 Thread added: 0x0000023352246db0
Event: 14.775 Thread 0x000002334fc73360 Thread added: 0x0000023352243fc0
Event: 14.776 Thread 0x000002334fc73360 Thread added: 0x0000023352244650
Event: 14.779 Thread 0x000002334fc73360 Thread added: 0x0000023352245370
Event: 15.582 Thread 0x00000233511eb810 Thread exited: 0x00000233511eb810


Dynamic libraries:
0x00007ff7b3e10000 - 0x00007ff7b3e1a000 	C:\Program Files\Android\Android Studio\jbr\bin\java.exe
0x00007ffa1e210000 - 0x00007ffa1e427000 	C:\WINDOWS\SYSTEM32\ntdll.dll
0x00007ffa1d010000 - 0x00007ffa1d0d4000 	C:\WINDOWS\System32\KERNEL32.DLL
0x00007ffa1b470000 - 0x00007ffa1b841000 	C:\WINDOWS\System32\KERNELBASE.dll
0x00007ffa1b350000 - 0x00007ffa1b461000 	C:\WINDOWS\System32\ucrtbase.dll
0x00007ffa17280000 - 0x00007ffa1729b000 	C:\Program Files\Android\Android Studio\jbr\bin\VCRUNTIME140.dll
0x00007ffa03130000 - 0x00007ffa03148000 	C:\Program Files\Android\Android Studio\jbr\bin\jli.dll
0x00007ff9feb10000 - 0x00007ff9feda2000 	C:\WINDOWS\WinSxS\amd64_microsoft.windows.common-controls_6595b64144ccf1df_6.0.22621.4830_none_270fe7d773858e80\COMCTL32.dll
0x00007ffa1c4c0000 - 0x00007ffa1c671000 	C:\WINDOWS\System32\USER32.dll
0x00007ffa1d350000 - 0x00007ffa1d3f7000 	C:\WINDOWS\System32\msvcrt.dll
0x00007ffa1be10000 - 0x00007ffa1be36000 	C:\WINDOWS\System32\win32u.dll
0x00007ffa1d320000 - 0x00007ffa1d349000 	C:\WINDOWS\System32\GDI32.dll
0x00007ffa1b880000 - 0x00007ffa1b99b000 	C:\WINDOWS\System32\gdi32full.dll
0x00007ffa1be40000 - 0x00007ffa1beda000 	C:\WINDOWS\System32\msvcp_win.dll
0x00007ffa1dc00000 - 0x00007ffa1dc31000 	C:\WINDOWS\System32\IMM32.DLL
0x00007ffa0db70000 - 0x00007ffa0db7c000 	C:\Program Files\Android\Android Studio\jbr\bin\vcruntime140_1.dll
0x00007ff9f66b0000 - 0x00007ff9f673d000 	C:\Program Files\Android\Android Studio\jbr\bin\msvcp140.dll
0x00007ff9a3c60000 - 0x00007ff9a48e3000 	C:\Program Files\Android\Android Studio\jbr\bin\server\jvm.dll
0x00007ffa1c380000 - 0x00007ffa1c431000 	C:\WINDOWS\System32\ADVAPI32.dll
0x00007ffa1c680000 - 0x00007ffa1c727000 	C:\WINDOWS\System32\sechost.dll
0x00007ffa1b850000 - 0x00007ffa1b878000 	C:\WINDOWS\System32\bcrypt.dll
0x00007ffa1d400000 - 0x00007ffa1d514000 	C:\WINDOWS\System32\RPCRT4.dll
0x00007ffa1c440000 - 0x00007ffa1c4b1000 	C:\WINDOWS\System32\WS2_32.dll
0x00007ffa1b230000 - 0x00007ffa1b27d000 	C:\WINDOWS\SYSTEM32\POWRPROF.dll
0x00007ffa13ed0000 - 0x00007ffa13f04000 	C:\WINDOWS\SYSTEM32\WINMM.dll
0x00007ffa12c40000 - 0x00007ffa12c4a000 	C:\WINDOWS\SYSTEM32\VERSION.dll
0x00007ffa1b200000 - 0x00007ffa1b213000 	C:\WINDOWS\SYSTEM32\UMPDC.dll
0x00007ffa1a3a0000 - 0x00007ffa1a3b8000 	C:\WINDOWS\SYSTEM32\kernel.appcore.dll
0x00007ff9ee4f0000 - 0x00007ff9ee4fa000 	C:\Program Files\Android\Android Studio\jbr\bin\jimage.dll
0x00007ffa18e10000 - 0x00007ffa19042000 	C:\WINDOWS\SYSTEM32\DBGHELP.DLL
0x00007ffa1d520000 - 0x00007ffa1d8b0000 	C:\WINDOWS\System32\combase.dll
0x00007ffa1bf90000 - 0x00007ffa1c067000 	C:\WINDOWS\System32\OLEAUT32.dll
0x00007ff9fc940000 - 0x00007ff9fc972000 	C:\WINDOWS\SYSTEM32\dbgcore.DLL
0x00007ffa1bc50000 - 0x00007ffa1bccb000 	C:\WINDOWS\System32\bcryptPrimitives.dll
0x00007ffa0c6a0000 - 0x00007ffa0c6ae000 	C:\Program Files\Android\Android Studio\jbr\bin\instrument.dll
0x00007ff9eac40000 - 0x00007ff9eac60000 	C:\Program Files\Android\Android Studio\jbr\bin\java.dll
0x00007ff9eac20000 - 0x00007ff9eac38000 	C:\Program Files\Android\Android Studio\jbr\bin\zip.dll
0x00007ffa1c750000 - 0x00007ffa1cfd8000 	C:\WINDOWS\System32\SHELL32.dll
0x00007ffa1bcd0000 - 0x00007ffa1be0f000 	C:\WINDOWS\System32\wintypes.dll
0x00007ffa192b0000 - 0x00007ffa19bbd000 	C:\WINDOWS\SYSTEM32\windows.storage.dll
0x00007ffa1c260000 - 0x00007ffa1c36a000 	C:\WINDOWS\System32\SHCORE.dll
0x00007ffa1bee0000 - 0x00007ffa1bf3e000 	C:\WINDOWS\System32\shlwapi.dll
0x00007ffa1b280000 - 0x00007ffa1b2ab000 	C:\WINDOWS\SYSTEM32\profapi.dll
0x00007ff9e9ca0000 - 0x00007ff9e9cb0000 	C:\Program Files\Android\Android Studio\jbr\bin\net.dll
0x00007ffa140d0000 - 0x00007ffa141fc000 	C:\WINDOWS\SYSTEM32\WINHTTP.dll
0x00007ffa1a810000 - 0x00007ffa1a87a000 	C:\WINDOWS\system32\mswsock.dll
0x00007ff9e9c80000 - 0x00007ff9e9c96000 	C:\Program Files\Android\Android Studio\jbr\bin\nio.dll
0x00007ff9b5370000 - 0x00007ff9b5380000 	C:\Program Files\Android\Android Studio\jbr\bin\verify.dll
0x00007ff9e9cf0000 - 0x00007ff9e9d17000 	C:\Users\Alisher-Andro\.gradle\native\c067742578af261105cb4f569cf0c3c89f3d7b1fecec35dd04571415982c5e48\windows-amd64\native-platform.dll
0x00007ff99fd20000 - 0x00007ff99fe64000 	C:\Users\Alisher-Andro\.gradle\native\100fb08df4bc3b14c8652ba06237920a3bd2aa13389f12d3474272988ae205f9\windows-amd64\native-platform-file-events.dll
0x00007ff9dce80000 - 0x00007ff9dce89000 	C:\Program Files\Android\Android Studio\jbr\bin\management.dll
0x00007ff9b5e00000 - 0x00007ff9b5e0b000 	C:\Program Files\Android\Android Studio\jbr\bin\management_ext.dll
0x00007ffa1cff0000 - 0x00007ffa1cff8000 	C:\WINDOWS\System32\PSAPI.DLL
0x00007ffa1aa70000 - 0x00007ffa1aa8b000 	C:\WINDOWS\SYSTEM32\CRYPTSP.dll
0x00007ffa1a300000 - 0x00007ffa1a337000 	C:\WINDOWS\system32\rsaenh.dll
0x00007ffa1a900000 - 0x00007ffa1a928000 	C:\WINDOWS\SYSTEM32\USERENV.dll
0x00007ffa1aa60000 - 0x00007ffa1aa6c000 	C:\WINDOWS\SYSTEM32\CRYPTBASE.dll
0x00007ffa19e20000 - 0x00007ffa19e4d000 	C:\WINDOWS\SYSTEM32\IPHLPAPI.DLL
0x00007ffa1c370000 - 0x00007ffa1c379000 	C:\WINDOWS\System32\NSI.dll
0x00007ff9e30e0000 - 0x00007ff9e30e9000 	C:\Program Files\Android\Android Studio\jbr\bin\extnet.dll
0x00007ff9e9c50000 - 0x00007ff9e9c58000 	C:\WINDOWS\system32\wshunix.dll

dbghelp: loaded successfully - version: 4.0.5 - missing functions: none
symbol engine: initialized successfully - sym options: 0x614 - pdb path: .;C:\Program Files\Android\Android Studio\jbr\bin;C:\WINDOWS\SYSTEM32;C:\WINDOWS\WinSxS\amd64_microsoft.windows.common-controls_6595b64144ccf1df_6.0.22621.4830_none_270fe7d773858e80;C:\Program Files\Android\Android Studio\jbr\bin\server;C:\Users\Alisher-Andro\.gradle\native\c067742578af261105cb4f569cf0c3c89f3d7b1fecec35dd04571415982c5e48\windows-amd64;C:\Users\Alisher-Andro\.gradle\native\100fb08df4bc3b14c8652ba06237920a3bd2aa13389f12d3474272988ae205f9\windows-amd64

VM Arguments:
jvm_args: --add-opens=java.base/java.util=ALL-UNNAMED --add-opens=java.base/java.lang=ALL-UNNAMED --add-opens=java.base/java.lang.invoke=ALL-UNNAMED --add-opens=java.prefs/java.util.prefs=ALL-UNNAMED --add-exports=jdk.compiler/com.sun.tools.javac.api=ALL-UNNAMED --add-exports=jdk.compiler/com.sun.tools.javac.util=ALL-UNNAMED --add-opens=java.base/java.nio.charset=ALL-UNNAMED --add-opens=java.base/java.net=ALL-UNNAMED --add-opens=java.base/java.util.concurrent.atomic=ALL-UNNAMED -Xmx2048m -Dfile.encoding=UTF-8 -Duser.country=US -Duser.language=en -Duser.variant -javaagent:C:\Users\Alisher-Andro\.gradle\wrapper\dists\gradle-8.10.2-bin\a04bxjujx95o3nb99gddekhwo\gradle-8.10.2\lib\agents\gradle-instrumentation-agent-8.10.2.jar 
java_command: org.gradle.launcher.daemon.bootstrap.GradleDaemon 8.10.2
java_class_path (initial): C:\Users\Alisher-Andro\.gradle\wrapper\dists\gradle-8.10.2-bin\a04bxjujx95o3nb99gddekhwo\gradle-8.10.2\lib\gradle-daemon-main-8.10.2.jar
Launcher Type: SUN_STANDARD

[Global flags]
     intx CICompilerCount                          = 3                                         {product} {ergonomic}
     uint ConcGCThreads                            = 1                                         {product} {ergonomic}
     uint G1ConcRefinementThreads                  = 4                                         {product} {ergonomic}
   size_t G1HeapRegionSize                         = 1048576                                   {product} {ergonomic}
    uintx GCDrainStackTargetSize                   = 64                                        {product} {ergonomic}
   size_t InitialHeapSize                          = 333447168                                 {product} {ergonomic}
   size_t MarkStackSize                            = 4194304                                   {product} {ergonomic}
   size_t MaxHeapSize                              = 2147483648                                {product} {command line}
   size_t MaxNewSize                               = 1287651328                                {product} {ergonomic}
   size_t MinHeapDeltaBytes                        = 1048576                                   {product} {ergonomic}
   size_t MinHeapSize                              = 8388608                                   {product} {ergonomic}
    uintx NonNMethodCodeHeapSize                   = 5832780                                {pd product} {ergonomic}
    uintx NonProfiledCodeHeapSize                  = 122912730                              {pd product} {ergonomic}
    uintx ProfiledCodeHeapSize                     = 122912730                              {pd product} {ergonomic}
    uintx ReservedCodeCacheSize                    = 251658240                              {pd product} {ergonomic}
     bool SegmentedCodeCache                       = true                                      {product} {ergonomic}
   size_t SoftMaxHeapSize                          = 2147483648                             {manageable} {ergonomic}
     bool UseCompressedOops                        = true                           {product lp64_product} {ergonomic}
     bool UseG1GC                                  = true                                      {product} {ergonomic}
     bool UseLargePagesIndividualAllocation        = false                                  {pd product} {ergonomic}

Logging:
Log output configuration:
 #0: stdout all=warning uptime,level,tags foldmultilines=false
 #1: stderr all=off uptime,level,tags foldmultilines=false

Environment Variables:
PATH=C:\Program Files (x86)\Common Files\Oracle\Java\java8path;C:\Program Files (x86)\Common Files\Oracle\Java\javapath;C:\WINDOWS\system32;C:\WINDOWS;C:\WINDOWS\System32\Wbem;C:\WINDOWS\System32\WindowsPowerShell\v1.0\;C:\WINDOWS\System32\OpenSSH\;c:\Users\Alisher-Andro\AppData\Local\Android\Sdk\;C:\Program Files\Git\cmd;C:\Users\Alisher-Andro\AppData\Local\Microsoft\WindowsApps;c:\Users\Alisher-Andro\AppData\Local\Android\Sdk\;
USERNAME=Alisher-Andro
OS=Windows_NT
PROCESSOR_IDENTIFIER=Intel64 Family 6 Model 126 Stepping 5, GenuineIntel
TMP=C:\Users\ALISHE~1\AppData\Local\Temp
TEMP=C:\Users\ALISHE~1\AppData\Local\Temp




Periodic native trim disabled

JNI global refs:
JNI global refs: 26, weak refs: 0

JNI global refs memory usage: 835, weak refs: 833

Process memory usage:
Resident Set Size: 284784K (1% of 20761728K total physical memory with 3026492K free physical memory)

OOME stack traces (most recent first):
Classloader memory used:
